<?xml version="1.0" encoding="UTF-8"?>
<!-- Generated by org.testng.reporters.JUnitReportReporter -->
<testsuite hostname="Shri" failures="0" tests="2" name="com.egle.testCases.Login01_TC" time="11.235" errors="0" timestamp="2024-08-27T18:41:58 IST" skipped="0">
  <testcase classname="com.egle.testCases.Login01_TC" name="verifyLoginFuncationality" time="7.837"/>
  <testcase classname="com.egle.testCases.Login01_TC" name="verifyLoginFuncationality" time="3.398"/>
</testsuite> <!-- com.egle.testCases.Login01_TC -->
